<?xml version="1.0" encoding="UTF-8"?>
<!-- Generated by org.testng.reporters.JUnitReportReporter -->
<testsuite hostname="Administrator" failures="0" tests="2" name="practice_package.Testng_fetchExldata1" time="0.017" errors="0" timestamp="2023-03-26T14:15:29 IST" skipped="0">
  <testcase classname="practice_package.Testng_fetchExldata1" name="getdata" time="0.014"/>
  <system-out/>
  <testcase classname="practice_package.Testng_fetchExldata1" name="getdata" time="0.003"/>
  <system-out/>
</testsuite> <!-- practice_package.Testng_fetchExldata1 -->
