<?xml version="1.0" encoding="UTF-8"?>
<!-- Generated by org.testng.reporters.JUnitReportReporter -->
<testsuite hostname="Administrator" failures="0" tests="1" name="practice.ConfigTest" time="0.019" errors="0" timestamp="2023-04-03T10:17:43 IST" skipped="0">
  <testcase classname="practice.ConfigTest" name="test" time="0.019"/>
  <system-out/>
</testsuite> <!-- practice.ConfigTest -->
