<?xml version="1.0" encoding="UTF-8"?>
<!-- Generated by org.testng.reporters.JUnitReportReporter -->
<testsuite hostname="Administrator" failures="0" tests="3" name="practice_package.TestNG_Dataprovider3x3SameClass" time="0.018" errors="0" timestamp="2023-03-23T17:29:35 IST" skipped="0">
  <testcase classname="practice_package.TestNG_Dataprovider3x3SameClass" name="getdata" time="0.003"/>
  <system-out/>
  <testcase classname="practice_package.TestNG_Dataprovider3x3SameClass" name="getdata" time="0.003"/>
  <system-out/>
  <testcase classname="practice_package.TestNG_Dataprovider3x3SameClass" name="getdata" time="0.012"/>
  <system-out/>
</testsuite> <!-- practice_package.TestNG_Dataprovider3x3SameClass -->
