<?xml version="1.0" encoding="UTF-8"?>
<!-- Generated by org.testng.reporters.JUnitReportReporter -->
<testsuite hostname="Administrator" failures="0" tests="3" name="practice_package.DB_FetchingData" time="0.019" errors="0" timestamp="2023-03-23T17:33:36 IST" skipped="0">
  <testcase classname="practice_package.DB_FetchingData" name="getdata" time="0.002"/>
  <system-out/>
  <testcase classname="practice_package.DB_FetchingData" name="getdata" time="0.003"/>
  <system-out/>
  <testcase classname="practice_package.DB_FetchingData" name="getdata" time="0.014"/>
  <system-out/>
</testsuite> <!-- practice_package.DB_FetchingData -->
