<?xml version="1.0" encoding="UTF-8"?>
<!-- Generated by org.testng.reporters.JUnitReportReporter -->
<testsuite hostname="Administrator" failures="0" tests="3" name="practice_package.TestNg_gen_fecthformExcel" time="0.021" errors="0" timestamp="2023-03-24T10:44:24 IST" skipped="0">
  <testcase classname="practice_package.TestNg_gen_fecthformExcel" name="getdatafromexcel" time="0.004"/>
  <system-out/>
  <testcase classname="practice_package.TestNg_gen_fecthformExcel" name="getdatafromexcel" time="0.003"/>
  <system-out/>
  <testcase classname="practice_package.TestNg_gen_fecthformExcel" name="getdatafromexcel" time="0.014"/>
  <system-out/>
</testsuite> <!-- practice_package.TestNg_gen_fecthformExcel -->
