<?xml version="1.0" encoding="UTF-8"?>
<!-- Generated by org.testng.reporters.JUnitReportReporter -->
<testsuite hostname="Administrator" failures="0" tests="2" name="practice_package.TestNG_Annotations" time="0.015" errors="0" timestamp="2023-03-23T16:32:57 IST" skipped="0">
  <testcase classname="practice_package.TestNG_Annotations" name="execute1" time="0.011"/>
  <system-out/>
  <testcase classname="practice_package.TestNG_Annotations" name="execute2" time="0.004"/>
  <system-out/>
</testsuite> <!-- practice_package.TestNG_Annotations -->
