<?xml version="1.0" encoding="UTF-8"?>
<!-- Generated by org.testng.reporters.JUnitReportReporter -->
<testsuite hostname="Administrator" failures="0" tests="1" name="Patient.NewTest" time="0.019" errors="0" timestamp="2023-04-07T10:14:01 IST" skipped="0">
  <testcase classname="Patient.NewTest" name="m2" time="0.019"/>
  <system-out/>
</testsuite> <!-- Patient.NewTest -->
