<?xml version="1.0" encoding="UTF-8"?>
<!-- Generated by org.testng.reporters.JUnitReportReporter -->
<testsuite hostname="Administrator" failures="0" tests="2" name="practice_package.TestNG_orderOfExecution" time="0.017" errors="0" timestamp="2023-03-23T16:12:09 IST" skipped="0">
  <testcase classname="practice_package.TestNG_orderOfExecution" name="getdata" time="0.003"/>
  <system-out/>
  <testcase classname="practice_package.TestNG_orderOfExecution" name="getdata" time="0.014"/>
  <system-out/>
</testsuite> <!-- practice_package.TestNG_orderOfExecution -->
