<?xml version="1.0" encoding="UTF-8"?>
<!-- Generated by org.testng.reporters.JUnitReportReporter -->
<testsuite hostname="Administrator" failures="0" tests="3" name="practice_package.TestNg_FetchDataExcel" time="0.018" errors="0" timestamp="2023-03-26T14:07:29 IST" skipped="0">
  <testcase classname="practice_package.TestNg_FetchDataExcel" name="getExceldata" time="0.013"/>
  <system-out/>
  <testcase classname="practice_package.TestNg_FetchDataExcel" name="getExceldata" time="0.003"/>
  <system-out/>
  <testcase classname="practice_package.TestNg_FetchDataExcel" name="getExceldata" time="0.002"/>
  <system-out/>
</testsuite> <!-- practice_package.TestNg_FetchDataExcel -->
