<?xml version="1.0" encoding="UTF-8"?>
<!-- Generated by org.testng.reporters.JUnitReportReporter -->
<testsuite hostname="Administrator" failures="0" tests="2" name="practice_package.TestNg_storeddatafromexcel" time="0.016" errors="0" timestamp="2023-03-26T14:17:11 IST" skipped="0">
  <testcase classname="practice_package.TestNg_storeddatafromexcel" name="getdata" time="0.013"/>
  <system-out/>
  <testcase classname="practice_package.TestNg_storeddatafromexcel" name="getdata" time="0.003"/>
  <system-out/>
</testsuite> <!-- practice_package.TestNg_storeddatafromexcel -->
