<?xml version="1.0" encoding="UTF-8"?>
<!-- Generated by org.testng.reporters.JUnitReportReporter -->
<testsuite hostname="Administrator" failures="0" tests="3" name="practice_package.TestNG_Practice" time="0.018" errors="0" timestamp="2023-03-23T15:31:48 IST" skipped="0">
  <testcase classname="practice_package.TestNG_Practice" name="createCustomer" time="0.016"/>
  <system-out/>
  <testcase classname="practice_package.TestNG_Practice" name="deletecustomer" time="0.001"/>
  <system-out/>
  <testcase classname="practice_package.TestNG_Practice" name="editcustomer" time="0.001"/>
  <system-out/>
</testsuite> <!-- practice_package.TestNG_Practice -->
